2023-10-06 15:47:42,579 - INFO - Output directory: /root/.micropython/lib
2023-10-06 15:47:42,579 - INFO - Micropython directory: /micropython
2023-10-06 15:47:42,584 - INFO - Generating bytecode version 6...
2023-10-06 15:47:42,590 - INFO - Buiding package umqtt.robust...
2023-10-06 15:47:42,590 - INFO - > Compiling umqtt/robust.py...
2023-10-06 15:47:42,595 - INFO - Buiding package lora-async...
2023-10-06 15:47:42,596 - INFO - > Compiling lora/modem.py...
2023-10-06 15:47:42,600 - INFO - > Compiling lora/__init__.py...
2023-10-06 15:47:42,602 - INFO - > Compiling lora/async_modem.py...
2023-10-06 15:47:42,606 - INFO - Buiding package lora...
2023-10-06 15:47:42,607 - INFO - > Compiling lora/modem.py...
2023-10-06 15:47:42,610 - INFO - > Compiling lora/__init__.py...
2023-10-06 15:47:42,615 - INFO - Buiding package lora-sync...
2023-10-06 15:47:42,616 - INFO - > Compiling lora/modem.py...
2023-10-06 15:47:42,619 - INFO - > Compiling lora/__init__.py...
2023-10-06 15:47:42,621 - INFO - > Compiling lora/sync_modem.py...
2023-10-06 15:47:42,627 - INFO - Buiding package lora-stm32wl5...
2023-10-06 15:47:42,628 - INFO - > Compiling lora/modem.py...
2023-10-06 15:47:42,632 - INFO - > Compiling lora/__init__.py...
2023-10-06 15:47:42,633 - INFO - > Compiling lora/sx126x.py...
2023-10-06 15:47:42,641 - INFO - > Compiling lora/stm32wl5.py...
2023-10-06 15:47:42,647 - INFO - Buiding package lora-sx126x...
2023-10-06 15:47:42,648 - INFO - > Compiling lora/modem.py...
2023-10-06 15:47:42,652 - INFO - > Compiling lora/__init__.py...
2023-10-06 15:47:42,654 - INFO - > Compiling lora/sx126x.py...
2023-10-06 15:47:42,664 - INFO - Buiding package lora-sx127x...
2023-10-06 15:47:42,665 - INFO - > Compiling lora/modem.py...
2023-10-06 15:47:42,669 - INFO - > Compiling lora/__init__.py...
2023-10-06 15:47:42,671 - INFO - > Compiling lora/sx127x.py...
2023-10-06 15:47:42,681 - INFO - Buiding package mip-cmdline...
2023-10-06 15:47:42,699 - INFO - > Compiling argparse.py...
2023-10-06 15:47:42,702 - INFO - > Skipping module requests/__init__.py...
2023-10-06 15:47:42,702 - INFO - > Skipping module mip/__init__.py...
2023-10-06 15:47:42,702 - INFO - > Skipping module mip/__main__.py...
2023-10-06 15:47:42,704 - INFO - Buiding package ntptime...
2023-10-06 15:47:42,704 - INFO - > Compiling ntptime.py...
2023-10-06 15:47:42,708 - INFO - Buiding package webrepl...
2023-10-06 15:47:42,709 - INFO - > Compiling webrepl.py...
2023-10-06 15:47:42,712 - INFO - > Compiling webrepl_setup.py...
2023-10-06 15:47:42,716 - INFO - Buiding package espflash...
2023-10-06 15:47:42,717 - INFO - > Compiling espflash.py...
2023-10-06 15:47:42,723 - INFO - Buiding package ucontextlib...
2023-10-06 15:47:42,723 - INFO - > Compiling ucontextlib.py...
2023-10-06 15:47:42,727 - INFO - Buiding package aioespnow...
2023-10-06 15:47:42,728 - INFO - > Compiling aioespnow.py...
2023-10-06 15:47:42,731 - INFO - Buiding package aiorepl...
2023-10-06 15:47:42,732 - INFO - > Compiling aiorepl.py...
2023-10-06 15:47:42,736 - INFO - Buiding package udnspkt...
2023-10-06 15:47:42,737 - INFO - > Compiling udnspkt.py...
2023-10-06 15:47:42,740 - INFO - Buiding package senml...
2023-10-06 15:47:42,744 - INFO - > Compiling cbor2/decoder.py...
2023-10-06 15:47:42,747 - INFO - > Compiling cbor2/__init__.py...
2023-10-06 15:47:42,748 - INFO - > Compiling cbor2/encoder.py...
2023-10-06 15:47:42,751 - INFO - > Compiling senml/senml_record.py...
2023-10-06 15:47:42,754 - INFO - > Compiling senml/__init__.py...
2023-10-06 15:47:42,755 - INFO - > Compiling senml/senml_base.py...
2023-10-06 15:47:42,757 - INFO - > Compiling senml/senml_pack.py...
2023-10-06 15:47:42,769 - INFO - > Compiling senml/senml_unit.py...
2023-10-06 15:47:42,777 - INFO - Buiding package urllib.urequest...
2023-10-06 15:47:42,777 - INFO - > Compiling urllib/urequest.py...
2023-10-06 15:47:42,782 - INFO - Buiding package bundle-networking...
2023-10-06 15:47:42,799 - INFO - > Skipping module requests/__init__.py...
2023-10-06 15:47:42,799 - INFO - > Skipping module mip/__init__.py...
2023-10-06 15:47:42,799 - INFO - > Compiling ntptime.py...
2023-10-06 15:47:42,801 - INFO - > Compiling webrepl.py...
2023-10-06 15:47:42,804 - INFO - > Compiling webrepl_setup.py...
2023-10-06 15:47:42,806 - INFO - > Compiling urequests.py...
2023-10-06 15:47:42,809 - INFO - Buiding package umqtt.simple...
2023-10-06 15:47:42,809 - INFO - > Compiling umqtt/simple.py...
2023-10-06 15:47:42,815 - INFO - Buiding package uaiohttpclient...
2023-10-06 15:47:42,815 - INFO - > Compiling uaiohttpclient.py...
2023-10-06 15:47:42,819 - INFO - Buiding package aioble-peripheral...
2023-10-06 15:47:42,820 - INFO - > Compiling aioble/__init__.py...
2023-10-06 15:47:42,822 - INFO - > Compiling aioble/core.py...
2023-10-06 15:47:42,824 - INFO - > Compiling aioble/device.py...
2023-10-06 15:47:42,827 - INFO - > Compiling aioble/peripheral.py...
2023-10-06 15:47:42,831 - INFO - Buiding package aioble-l2cap...
2023-10-06 15:47:42,833 - INFO - > Compiling aioble/__init__.py...
2023-10-06 15:47:42,834 - INFO - > Compiling aioble/core.py...
2023-10-06 15:47:42,836 - INFO - > Compiling aioble/device.py...
2023-10-06 15:47:42,839 - INFO - > Compiling aioble/l2cap.py...
2023-10-06 15:47:42,846 - INFO - Buiding package aioble-server...
2023-10-06 15:47:42,847 - INFO - > Compiling aioble/__init__.py...
2023-10-06 15:47:42,849 - INFO - > Compiling aioble/core.py...
2023-10-06 15:47:42,851 - INFO - > Compiling aioble/device.py...
2023-10-06 15:47:42,854 - INFO - > Compiling aioble/server.py...
2023-10-06 15:47:42,860 - INFO - Buiding package aioble-security...
2023-10-06 15:47:42,862 - INFO - > Compiling aioble/__init__.py...
2023-10-06 15:47:42,863 - INFO - > Compiling aioble/core.py...
2023-10-06 15:47:42,865 - INFO - > Compiling aioble/device.py...
2023-10-06 15:47:42,868 - INFO - > Compiling aioble/security.py...
2023-10-06 15:47:42,873 - INFO - Buiding package aioble-core...
2023-10-06 15:47:42,874 - INFO - > Compiling aioble/__init__.py...
2023-10-06 15:47:42,875 - INFO - > Compiling aioble/core.py...
2023-10-06 15:47:42,877 - INFO - > Compiling aioble/device.py...
2023-10-06 15:47:42,883 - INFO - Buiding package aioble...
2023-10-06 15:47:42,894 - INFO - > Compiling aioble/__init__.py...
2023-10-06 15:47:42,896 - INFO - > Compiling aioble/core.py...
2023-10-06 15:47:42,898 - INFO - > Compiling aioble/device.py...
2023-10-06 15:47:42,901 - INFO - > Compiling aioble/peripheral.py...
2023-10-06 15:47:42,903 - INFO - > Compiling aioble/server.py...
2023-10-06 15:47:42,907 - INFO - > Compiling aioble/central.py...
2023-10-06 15:47:42,912 - INFO - > Compiling aioble/client.py...
2023-10-06 15:47:42,917 - INFO - > Compiling aioble/l2cap.py...
2023-10-06 15:47:42,919 - INFO - > Compiling aioble/security.py...
2023-10-06 15:47:42,925 - INFO - Buiding package aioble-central...
2023-10-06 15:47:42,926 - INFO - > Compiling aioble/__init__.py...
2023-10-06 15:47:42,928 - INFO - > Compiling aioble/core.py...
2023-10-06 15:47:42,930 - INFO - > Compiling aioble/device.py...
2023-10-06 15:47:42,933 - INFO - > Compiling aioble/central.py...
2023-10-06 15:47:42,939 - INFO - Buiding package aioble-client...
2023-10-06 15:47:42,940 - INFO - > Compiling aioble/__init__.py...
2023-10-06 15:47:42,942 - INFO - > Compiling aioble/core.py...
2023-10-06 15:47:42,944 - INFO - > Compiling aioble/device.py...
2023-10-06 15:47:42,947 - INFO - > Compiling aioble/client.py...
2023-10-06 15:47:42,954 - INFO - Buiding package urequests...
2023-10-06 15:47:42,958 - INFO - > Skipping module requests/__init__.py...
2023-10-06 15:47:42,958 - INFO - > Compiling urequests.py...
2023-10-06 15:47:42,961 - INFO - Buiding package wm8960...
2023-10-06 15:47:42,962 - INFO - > Compiling wm8960.py...
2023-10-06 15:47:42,972 - INFO - Buiding package sdcard...
2023-10-06 15:47:42,972 - INFO - > Compiling sdcard.py...
2023-10-06 15:47:42,977 - INFO - Buiding package neopixel...
2023-10-06 15:47:42,978 - INFO - > Compiling neopixel.py...
2023-10-06 15:47:42,982 - INFO - Buiding package onewire...
2023-10-06 15:47:42,982 - INFO - > Compiling onewire.py...
2023-10-06 15:47:42,986 - INFO - Buiding package bmm150...
2023-10-06 15:47:42,986 - INFO - > Compiling bmm150.py...
2023-10-06 15:47:42,991 - INFO - Buiding package lsm9ds1...
2023-10-06 15:47:42,991 - INFO - > Compiling lsm9ds1.py...
2023-10-06 15:47:42,996 - INFO - Buiding package lsm6dsox...
2023-10-06 15:47:42,996 - INFO - > Compiling lsm6dsox.py...
2023-10-06 15:47:43,001 - INFO - Buiding package bmi270...
2023-10-06 15:47:43,002 - INFO - > Compiling bmi270.py...
2023-10-06 15:47:43,009 - INFO - Buiding package ssd1306...
2023-10-06 15:47:43,009 - INFO - > Compiling ssd1306.py...
2023-10-06 15:47:43,014 - INFO - Buiding package lcd160cr...
2023-10-06 15:47:43,014 - INFO - > Compiling lcd160cr.py...
2023-10-06 15:47:43,022 - INFO - Buiding package hs3003...
2023-10-06 15:47:43,022 - INFO - > Compiling hs3003.py...
2023-10-06 15:47:43,026 - INFO - Buiding package lps22h...
2023-10-06 15:47:43,026 - INFO - > Compiling lps22h.py...
2023-10-06 15:47:43,030 - INFO - Buiding package hts221...
2023-10-06 15:47:43,031 - INFO - > Compiling hts221.py...
2023-10-06 15:47:43,035 - INFO - Buiding package ds18x20...
2023-10-06 15:47:43,036 - INFO - > Compiling onewire.py...
2023-10-06 15:47:43,038 - INFO - > Compiling ds18x20.py...
2023-10-06 15:47:43,042 - INFO - Buiding package dht...
2023-10-06 15:47:43,043 - INFO - > Compiling dht.py...
2023-10-06 15:47:43,046 - INFO - Buiding package mhz19...
2023-10-06 15:47:43,047 - INFO - > Compiling mhz19.py...
2023-10-06 15:47:43,050 - INFO - Buiding package nrf24l01...
2023-10-06 15:47:43,050 - INFO - > Compiling nrf24l01.py...
2023-10-06 15:47:43,056 - INFO - Skipping package mip...
2023-10-06 15:47:43,056 - INFO - Buiding package xmltok...
2023-10-06 15:47:43,056 - INFO - > Compiling xmltok.py...
2023-10-06 15:47:43,060 - INFO - Buiding package upysh...
2023-10-06 15:47:43,061 - INFO - > Compiling upysh.py...
2023-10-06 15:47:43,067 - INFO - Buiding package fnmatch...
2023-10-06 15:47:43,067 - INFO - > Compiling fnmatch.py...
2023-10-06 15:47:43,072 - INFO - Buiding package itertools...
2023-10-06 15:47:43,072 - INFO - > Compiling itertools.py...
2023-10-06 15:47:43,076 - INFO - Buiding package textwrap...
2023-10-06 15:47:43,077 - INFO - > Compiling textwrap.py...
2023-10-06 15:47:43,082 - INFO - Buiding package hashlib-sha384...
2023-10-06 15:47:43,087 - INFO - > Skipping module hashlib/_sha.py...
2023-10-06 15:47:43,088 - INFO - > Skipping module hashlib/__init__.py...
2023-10-06 15:47:43,088 - INFO - > Skipping module hashlib/_sha512.py...
2023-10-06 15:47:43,088 - INFO - > Skipping module hashlib/_sha384.py...
2023-10-06 15:47:43,088 - INFO - Skipping package heapq...
2023-10-06 15:47:43,088 - INFO - Buiding package pickle...
2023-10-06 15:47:43,088 - INFO - > Compiling pickle.py...
2023-10-06 15:47:43,092 - INFO - Buiding package stat...
2023-10-06 15:47:43,092 - INFO - > Compiling stat.py...
2023-10-06 15:47:43,096 - INFO - Skipping package struct...
2023-10-06 15:47:43,096 - INFO - Skipping package time...
2023-10-06 15:47:43,097 - INFO - Skipping package collections...
2023-10-06 15:47:43,097 - INFO - Buiding package shutil...
2023-10-06 15:47:43,097 - INFO - > Compiling shutil.py...
2023-10-06 15:47:43,101 - INFO - Buiding package html...
2023-10-06 15:47:43,104 - INFO - > Compiling string.py...
2023-10-06 15:47:43,106 - INFO - > Compiling html/__init__.py...
2023-10-06 15:47:43,109 - INFO - Buiding package locale...
2023-10-06 15:47:43,110 - INFO - > Compiling locale.py...
2023-10-06 15:47:43,113 - INFO - Buiding package __future__...
2023-10-06 15:47:43,113 - INFO - > Compiling __future__.py...
2023-10-06 15:47:43,117 - INFO - Buiding package curses.ascii...
2023-10-06 15:47:43,117 - INFO - > Compiling curses/ascii.py...
2023-10-06 15:47:43,121 - INFO - Buiding package tarfile-write...
2023-10-06 15:47:43,124 - INFO - > Compiling tarfile/__init__.py...
2023-10-06 15:47:43,127 - INFO - > Compiling tarfile/write.py...
2023-10-06 15:47:43,131 - INFO - Buiding package traceback...
2023-10-06 15:47:43,131 - INFO - > Compiling traceback.py...
2023-10-06 15:47:43,135 - INFO - Buiding package hashlib-sha512...
2023-10-06 15:47:43,138 - INFO - > Skipping module hashlib/_sha.py...
2023-10-06 15:47:43,138 - INFO - > Skipping module hashlib/__init__.py...
2023-10-06 15:47:43,138 - INFO - > Skipping module hashlib/_sha512.py...
2023-10-06 15:47:43,138 - INFO - Buiding package functools...
2023-10-06 15:47:43,138 - INFO - > Compiling functools.py...
2023-10-06 15:47:43,142 - INFO - Skipping package errno...
2023-10-06 15:47:43,142 - INFO - Buiding package contextlib...
2023-10-06 15:47:43,145 - INFO - > Compiling ucontextlib.py...
2023-10-06 15:47:43,147 - INFO - > Skipping module collections/__init__.py...
2023-10-06 15:47:43,147 - INFO - > Compiling contextlib.py...
2023-10-06 15:47:43,152 - INFO - Buiding package pkg_resources...
2023-10-06 15:47:43,152 - INFO - > Compiling pkg_resources.py...
2023-10-06 15:47:43,156 - INFO - Buiding package hashlib-sha224...
2023-10-06 15:47:43,162 - INFO - > Skipping module hashlib/_sha.py...
2023-10-06 15:47:43,162 - INFO - > Skipping module hashlib/__init__.py...
2023-10-06 15:47:43,162 - INFO - > Skipping module hashlib/_sha256.py...
2023-10-06 15:47:43,162 - INFO - > Skipping module hashlib/_sha224.py...
2023-10-06 15:47:43,162 - INFO - Buiding package tarfile...
2023-10-06 15:47:43,162 - INFO - > Compiling tarfile/__init__.py...
2023-10-06 15:47:43,167 - INFO - Buiding package os-path...
2023-10-06 15:47:43,170 - INFO - > Skipping module os/__init__.py...
2023-10-06 15:47:43,170 - INFO - > Skipping module os/path.py...
2023-10-06 15:47:43,170 - INFO - Buiding package threading...
2023-10-06 15:47:43,171 - INFO - > Compiling threading.py...
2023-10-06 15:47:43,178 - INFO - Buiding package base64...
2023-10-06 15:47:43,183 - INFO - > Compiling binascii.py...
2023-10-06 15:47:43,185 - INFO - > Compiling struct.py...
2023-10-06 15:47:43,187 - INFO - > Compiling base64.py...
2023-10-06 15:47:43,195 - INFO - Skipping package os...
2023-10-06 15:47:43,195 - INFO - Buiding package zlib...
2023-10-06 15:47:43,196 - INFO - > Compiling zlib.py...
2023-10-06 15:47:43,200 - INFO - Skipping package hashlib...
2023-10-06 15:47:43,200 - INFO - Buiding package inspect...
2023-10-06 15:47:43,201 - INFO - > Compiling inspect.py...
2023-10-06 15:47:43,205 - INFO - Buiding package warnings...
2023-10-06 15:47:43,206 - INFO - > Compiling warnings.py...
2023-10-06 15:47:43,210 - INFO - Buiding package venv...
2023-10-06 15:47:43,222 - INFO - > Compiling argparse.py...
2023-10-06 15:47:43,225 - INFO - > Skipping module requests/__init__.py...
2023-10-06 15:47:43,225 - INFO - > Skipping module mip/__init__.py...
2023-10-06 15:47:43,225 - INFO - > Skipping module mip/__main__.py...
2023-10-06 15:47:43,225 - INFO - > Compiling venv/__main__.py...
2023-10-06 15:47:43,231 - INFO - Skipping package binascii...
2023-10-06 15:47:43,231 - INFO - Buiding package types...
2023-10-06 15:47:43,231 - INFO - > Compiling types.py...
2023-10-06 15:47:43,236 - INFO - Buiding package pathlib...
2023-10-06 15:47:43,236 - INFO - > Compiling pathlib.py...
2023-10-06 15:47:43,242 - INFO - Buiding package abc...
2023-10-06 15:47:43,242 - INFO - > Compiling abc.py...
2023-10-06 15:47:43,246 - INFO - Buiding package hashlib-core...
2023-10-06 15:47:43,246 - INFO - > Skipping module hashlib/_sha.py...
2023-10-06 15:47:43,246 - INFO - > Skipping module hashlib/__init__.py...
2023-10-06 15:47:43,246 - INFO - Buiding package string...
2023-10-06 15:47:43,247 - INFO - > Compiling string.py...
2023-10-06 15:47:43,250 - INFO - Skipping package ssl...
2023-10-06 15:47:43,251 - INFO - Buiding package gzip...
2023-10-06 15:47:43,251 - INFO - > Compiling gzip.py...
2023-10-06 15:47:43,255 - INFO - Buiding package keyword...
2023-10-06 15:47:43,256 - INFO - > Compiling keyword.py...
2023-10-06 15:47:43,260 - INFO - Skipping package io...
2023-10-06 15:47:43,260 - INFO - Buiding package cmd...
2023-10-06 15:47:43,260 - INFO - > Compiling cmd.py...
2023-10-06 15:47:43,266 - INFO - Buiding package uu...
2023-10-06 15:47:43,274 - INFO - > Compiling binascii.py...
2023-10-06 15:47:43,277 - INFO - > Skipping module os/__init__.py...
2023-10-06 15:47:43,277 - INFO - > Skipping module os/path.py...
2023-10-06 15:47:43,277 - INFO - > Compiling uu.py...
2023-10-06 15:47:43,284 - INFO - Buiding package logging...
2023-10-06 15:47:43,285 - INFO - > Compiling logging.py...
2023-10-06 15:47:43,290 - INFO - Buiding package unittest-discover...
2023-10-06 15:47:43,298 - INFO - > Compiling argparse.py...
2023-10-06 15:47:43,302 - INFO - > Compiling fnmatch.py...
2023-10-06 15:47:43,304 - INFO - > Compiling unittest/__init__.py...
2023-10-06 15:47:43,309 - INFO - > Compiling unittest/__main__.py...
2023-10-06 15:47:43,316 - INFO - Buiding package pkgutil...
2023-10-06 15:47:43,319 - INFO - > Compiling pkg_resources.py...
2023-10-06 15:47:43,320 - INFO - > Compiling pkgutil.py...
2023-10-06 15:47:43,326 - INFO - Buiding package unittest...
2023-10-06 15:47:43,327 - INFO - > Compiling unittest/__init__.py...
2023-10-06 15:47:43,334 - INFO - Skipping package argparse...
2023-10-06 15:47:43,334 - INFO - Buiding package hashlib-sha256...
2023-10-06 15:47:43,337 - INFO - > Skipping module hashlib/_sha.py...
2023-10-06 15:47:43,337 - INFO - > Skipping module hashlib/__init__.py...
2023-10-06 15:47:43,337 - INFO - > Skipping module hashlib/_sha256.py...
2023-10-06 15:47:43,337 - INFO - Buiding package tempfile...
2023-10-06 15:47:43,338 - INFO - > Compiling tempfile.py...
2023-10-06 15:47:43,342 - INFO - Buiding package copy...
2023-10-06 15:47:43,345 - INFO - > Compiling types.py...
2023-10-06 15:47:43,348 - INFO - > Compiling copy.py...
2023-10-06 15:47:43,355 - INFO - Buiding package datetime...
2023-10-06 15:47:43,356 - INFO - > Compiling datetime.py...
2023-10-06 15:47:43,367 - INFO - Skipping package random...
2023-10-06 15:47:43,367 - INFO - Buiding package collections-deque...
2023-10-06 15:47:43,370 - INFO - > Skipping module collections/__init__.py...
2023-10-06 15:47:43,370 - INFO - > Skipping module collections/deque.py...
2023-10-06 15:47:43,370 - INFO - Buiding package pprint...
2023-10-06 15:47:43,370 - INFO - > Compiling pprint.py...
2023-10-06 15:47:43,374 - INFO - Buiding package collections-defaultdict...
2023-10-06 15:47:43,376 - INFO - > Skipping module collections/__init__.py...
2023-10-06 15:47:43,377 - INFO - > Skipping module collections/defaultdict.py...
2023-10-06 15:47:43,377 - INFO - Skipping package json...
2023-10-06 15:47:43,377 - INFO - Buiding package operator...
2023-10-06 15:47:43,377 - INFO - > Compiling operator.py...
2023-10-06 15:47:43,381 - INFO - Buiding package quopri...
2023-10-06 15:47:43,382 - INFO - > Compiling quopri.py...
2023-10-06 15:47:43,387 - INFO - Buiding package hmac...
2023-10-06 15:47:43,387 - INFO - > Compiling hmac.py...
2023-10-06 15:47:43,391 - INFO - Buiding package bisect...
2023-10-06 15:47:43,392 - INFO - > Compiling bisect.py...
2023-10-06 15:47:43,396 - INFO - Buiding package cbor2...
2023-10-06 15:47:43,396 - INFO - > Compiling cbor2/decoder.py...
2023-10-06 15:47:43,399 - INFO - > Compiling cbor2/__init__.py...
2023-10-06 15:47:43,401 - INFO - > Compiling cbor2/encoder.py...
2023-10-06 15:47:43,406 - INFO - Buiding package iperf3...
2023-10-06 15:47:43,406 - INFO - > Compiling iperf3.py...
2023-10-06 15:47:43,414 - INFO - Skipping package requests...
2023-10-06 15:47:43,414 - INFO - Buiding package pyjwt...
2023-10-06 15:47:43,419 - INFO - > Compiling hmac.py...
2023-10-06 15:47:43,421 - INFO - > Compiling jwt.py...
2023-10-06 15:47:43,427 - INFO - Build complete.
2023-10-06 15:47:43,427 - INFO - Build successful: 93 packages.
2023-10-06 15:47:43,427 - INFO - > __future__
2023-10-06 15:47:43,427 - INFO - > abc
2023-10-06 15:47:43,427 - INFO - > aioble
2023-10-06 15:47:43,427 - INFO - > aioble-central
2023-10-06 15:47:43,427 - INFO - > aioble-client
2023-10-06 15:47:43,427 - INFO - > aioble-core
2023-10-06 15:47:43,427 - INFO - > aioble-l2cap
2023-10-06 15:47:43,428 - INFO - > aioble-peripheral
2023-10-06 15:47:43,428 - INFO - > aioble-security
2023-10-06 15:47:43,428 - INFO - > aioble-server
2023-10-06 15:47:43,428 - INFO - > aioespnow
2023-10-06 15:47:43,428 - INFO - > aiorepl
2023-10-06 15:47:43,428 - INFO - > base64
2023-10-06 15:47:43,428 - INFO - > bisect
2023-10-06 15:47:43,428 - INFO - > bmi270
2023-10-06 15:47:43,428 - INFO - > bmm150
2023-10-06 15:47:43,428 - INFO - > bundle-networking
2023-10-06 15:47:43,428 - INFO - > cbor2
2023-10-06 15:47:43,428 - INFO - > cmd
2023-10-06 15:47:43,428 - INFO - > contextlib
2023-10-06 15:47:43,428 - INFO - > copy
2023-10-06 15:47:43,428 - INFO - > curses.ascii
2023-10-06 15:47:43,428 - INFO - > datetime
2023-10-06 15:47:43,428 - INFO - > dht
2023-10-06 15:47:43,428 - INFO - > ds18x20
2023-10-06 15:47:43,428 - INFO - > espflash
2023-10-06 15:47:43,428 - INFO - > fnmatch
2023-10-06 15:47:43,428 - INFO - > functools
2023-10-06 15:47:43,428 - INFO - > gzip
2023-10-06 15:47:43,429 - INFO - > hmac
2023-10-06 15:47:43,429 - INFO - > hs3003
2023-10-06 15:47:43,429 - INFO - > html
2023-10-06 15:47:43,429 - INFO - > hts221
2023-10-06 15:47:43,429 - INFO - > inspect
2023-10-06 15:47:43,429 - INFO - > iperf3
2023-10-06 15:47:43,429 - INFO - > itertools
2023-10-06 15:47:43,429 - INFO - > keyword
2023-10-06 15:47:43,429 - INFO - > lcd160cr
2023-10-06 15:47:43,429 - INFO - > locale
2023-10-06 15:47:43,429 - INFO - > logging
2023-10-06 15:47:43,429 - INFO - > lora
2023-10-06 15:47:43,429 - INFO - > lora-async
2023-10-06 15:47:43,429 - INFO - > lora-stm32wl5
2023-10-06 15:47:43,429 - INFO - > lora-sx126x
2023-10-06 15:47:43,429 - INFO - > lora-sx127x
2023-10-06 15:47:43,429 - INFO - > lora-sync
2023-10-06 15:47:43,429 - INFO - > lps22h
2023-10-06 15:47:43,430 - INFO - > lsm6dsox
2023-10-06 15:47:43,430 - INFO - > lsm9ds1
2023-10-06 15:47:43,430 - INFO - > mhz19
2023-10-06 15:47:43,430 - INFO - > mip-cmdline
2023-10-06 15:47:43,430 - INFO - > neopixel
2023-10-06 15:47:43,430 - INFO - > nrf24l01
2023-10-06 15:47:43,430 - INFO - > ntptime
2023-10-06 15:47:43,430 - INFO - > onewire
2023-10-06 15:47:43,430 - INFO - > operator
2023-10-06 15:47:43,430 - INFO - > pathlib
2023-10-06 15:47:43,430 - INFO - > pickle
2023-10-06 15:47:43,430 - INFO - > pkg_resources
2023-10-06 15:47:43,430 - INFO - > pkgutil
2023-10-06 15:47:43,430 - INFO - > pprint
2023-10-06 15:47:43,430 - INFO - > pyjwt
2023-10-06 15:47:43,430 - INFO - > quopri
2023-10-06 15:47:43,430 - INFO - > sdcard
2023-10-06 15:47:43,430 - INFO - > senml
2023-10-06 15:47:43,430 - INFO - > shutil
2023-10-06 15:47:43,430 - INFO - > ssd1306
2023-10-06 15:47:43,430 - INFO - > stat
2023-10-06 15:47:43,430 - INFO - > string
2023-10-06 15:47:43,431 - INFO - > tarfile
2023-10-06 15:47:43,431 - INFO - > tarfile-write
2023-10-06 15:47:43,431 - INFO - > tempfile
2023-10-06 15:47:43,431 - INFO - > textwrap
2023-10-06 15:47:43,431 - INFO - > threading
2023-10-06 15:47:43,431 - INFO - > traceback
2023-10-06 15:47:43,431 - INFO - > types
2023-10-06 15:47:43,431 - INFO - > uaiohttpclient
2023-10-06 15:47:43,431 - INFO - > ucontextlib
2023-10-06 15:47:43,431 - INFO - > udnspkt
2023-10-06 15:47:43,431 - INFO - > umqtt.robust
2023-10-06 15:47:43,431 - INFO - > umqtt.simple
2023-10-06 15:47:43,431 - INFO - > unittest
2023-10-06 15:47:43,431 - INFO - > unittest-discover
2023-10-06 15:47:43,431 - INFO - > upysh
2023-10-06 15:47:43,431 - INFO - > urequests
2023-10-06 15:47:43,431 - INFO - > urllib.urequest
2023-10-06 15:47:43,431 - INFO - > uu
2023-10-06 15:47:43,431 - INFO - > venv
2023-10-06 15:47:43,431 - INFO - > warnings
2023-10-06 15:47:43,431 - INFO - > webrepl
2023-10-06 15:47:43,431 - INFO - > wm8960
2023-10-06 15:47:43,432 - INFO - > xmltok
2023-10-06 15:47:43,432 - INFO - > zlib
